<?xml version="1.0" encoding="UTF-8"?>
<!-- Generated by org.testng.reporters.JUnitReportReporter -->
<testsuite skipped="0" hostname="DESKTOP-5MRDKS5" name="com.stepperform.testcases.LoginPageTest" tests="1" failures="0" timestamp="16 Jul 2020 06:21:59 GMT" time="41.926" errors="0">
  <testcase name="login" time="41.926" classname="com.stepperform.testcases.LoginPageTest"/>
</testsuite> <!-- com.stepperform.testcases.LoginPageTest -->
