<?xml version="1.0" encoding="UTF-8"?>
<!-- Generated by org.testng.reporters.JUnitReportReporter -->
<testsuite skipped="0" hostname="SANKET-PC" name="com.stepperform.testcases.LoginPageTest" tests="2" failures="0" timestamp="21 Jul 2020 06:18:26 GMT" time="18.721" errors="0">
  <testcase name="loginInvlaid" time="7.436" classname="com.stepperform.testcases.LoginPageTest"/>
  <testcase name="login" time="11.285" classname="com.stepperform.testcases.LoginPageTest"/>
</testsuite> <!-- com.stepperform.testcases.LoginPageTest -->
