<?xml version="1.0" encoding="UTF-8"?>
<!-- Generated by org.testng.reporters.JUnitReportReporter -->
<testsuite skipped="0" hostname="SANKET-PC" name="com.stepperform.testcases.LoginPageTest" tests="1" failures="0" timestamp="15 Jul 2020 14:21:42 GMT" time="5.186" errors="0">
  <testcase name="login" time="5.186" classname="com.stepperform.testcases.LoginPageTest"/>
</testsuite> <!-- com.stepperform.testcases.LoginPageTest -->
