<?xml version="1.0" encoding="UTF-8"?>
<!-- Generated by org.testng.reporters.JUnitReportReporter -->
<testsuite skipped="0" hostname="SANKET-PC" name="com.stepperform.testcases.VehicleInfoTest" tests="1" failures="0" timestamp="21 Jul 2020 07:43:14 GMT" time="22.421" errors="0">
  <testcase name="vehicleInfoValid" time="22.421" classname="com.stepperform.testcases.VehicleInfoTest"/>
</testsuite> <!-- com.stepperform.testcases.VehicleInfoTest -->
