<?xml version="1.0" encoding="UTF-8"?>
<!-- Generated by org.testng.reporters.JUnitReportReporter -->
<testsuite skipped="0" hostname="SANKET-PC" name="com.stepperform.testcases.InsuringPartyTest" tests="1" failures="0" timestamp="21 Jul 2020 07:43:14 GMT" time="5.960" errors="0">
  <testcase name="valid" time="5.960" classname="com.stepperform.testcases.InsuringPartyTest"/>
</testsuite> <!-- com.stepperform.testcases.InsuringPartyTest -->
