<?xml version="1.0" encoding="UTF-8"?>
<!-- Generated by org.testng.reporters.JUnitReportReporter -->
<testsuite skipped="0" hostname="SANKET-PC" name="com.stepperform.testcases.LoginPageTest" tests="2" failures="0" timestamp="16 Jul 2020 05:10:41 GMT" time="5.463" errors="0">
  <testcase name="loginInvlaid" time="0.069" classname="com.stepperform.testcases.LoginPageTest"/>
  <testcase name="login" time="5.394" classname="com.stepperform.testcases.LoginPageTest"/>
</testsuite> <!-- com.stepperform.testcases.LoginPageTest -->
