<?xml version="1.0" encoding="UTF-8"?>
<!-- Generated by org.testng.reporters.JUnitReportReporter -->
<testsuite skipped="0" hostname="SANKET-PC" name="com.stepperform.testcases.LoginPageTest" tests="2" failures="0" timestamp="21 Jul 2020 05:47:42 GMT" time="19.665" errors="0">
  <testcase name="loginInvlaid" time="7.036" classname="com.stepperform.testcases.LoginPageTest"/>
  <testcase name="login" time="12.629" classname="com.stepperform.testcases.LoginPageTest"/>
</testsuite> <!-- com.stepperform.testcases.LoginPageTest -->
